0 info it worked if it ends with ok
1 verbose cli [ 'node',
1 verbose cli   '/usr/local/bin/npm',
1 verbose cli   'install',
1 verbose cli   'less-plugin-clean-option' ]
2 info using npm@1.4.28
3 info using node@v0.10.33
4 verbose cache add [ 'less-plugin-clean-option', null ]
5 verbose cache add name=undefined spec="less-plugin-clean-option" args=["less-plugin-clean-option",null]
6 verbose parsed url { protocol: null,
6 verbose parsed url   slashes: null,
6 verbose parsed url   auth: null,
6 verbose parsed url   host: null,
6 verbose parsed url   port: null,
6 verbose parsed url   hostname: null,
6 verbose parsed url   hash: null,
6 verbose parsed url   search: null,
6 verbose parsed url   query: null,
6 verbose parsed url   pathname: 'less-plugin-clean-option',
6 verbose parsed url   path: 'less-plugin-clean-option',
6 verbose parsed url   href: 'less-plugin-clean-option' }
7 silly lockFile 1966c209-less-plugin-clean-option less-plugin-clean-option
8 verbose lock less-plugin-clean-option /Users/hbillings/.npm/1966c209-less-plugin-clean-option.lock
9 silly lockFile 1966c209-less-plugin-clean-option less-plugin-clean-option
10 silly lockFile 1966c209-less-plugin-clean-option less-plugin-clean-option
11 verbose addNamed [ 'less-plugin-clean-option', '' ]
12 verbose addNamed [ null, '*' ]
13 silly lockFile 617615b9-less-plugin-clean-option less-plugin-clean-option@
14 verbose lock less-plugin-clean-option@ /Users/hbillings/.npm/617615b9-less-plugin-clean-option.lock
15 silly addNameRange { name: 'less-plugin-clean-option', range: '*', hasData: false }
16 verbose request where is /less-plugin-clean-option
17 verbose request registry https://registry.npmjs.org/
18 verbose request id c34360ab2b800f02
19 verbose url raw /less-plugin-clean-option
20 verbose url resolving [ 'https://registry.npmjs.org/', './less-plugin-clean-option' ]
21 verbose url resolved https://registry.npmjs.org/less-plugin-clean-option
22 verbose request where is https://registry.npmjs.org/less-plugin-clean-option
23 info trying registry request attempt 1 at 12:55:18
24 http GET https://registry.npmjs.org/less-plugin-clean-option
25 http 404 https://registry.npmjs.org/less-plugin-clean-option
26 verbose headers { date: 'Mon, 15 Dec 2014 18:55:18 GMT',
26 verbose headers   server: 'CouchDB/1.5.0 (Erlang OTP/R16B03)',
26 verbose headers   'content-type': 'application/json',
26 verbose headers   'cache-control': 'max-age=0',
26 verbose headers   'content-length': '52',
26 verbose headers   'accept-ranges': 'bytes',
26 verbose headers   via: '1.1 varnish',
26 verbose headers   age: '0',
26 verbose headers   'x-served-by': 'cache-ord1728-ORD',
26 verbose headers   'x-cache': 'MISS',
26 verbose headers   'x-cache-hits': '0',
26 verbose headers   'x-timer': 'S1418669718.413525,VS0,VE66',
26 verbose headers   'keep-alive': 'timeout=10, max=50',
26 verbose headers   connection: 'Keep-Alive' }
27 silly registry.get cb [ 404,
27 silly registry.get   { date: 'Mon, 15 Dec 2014 18:55:18 GMT',
27 silly registry.get     server: 'CouchDB/1.5.0 (Erlang OTP/R16B03)',
27 silly registry.get     'content-type': 'application/json',
27 silly registry.get     'cache-control': 'max-age=0',
27 silly registry.get     'content-length': '52',
27 silly registry.get     'accept-ranges': 'bytes',
27 silly registry.get     via: '1.1 varnish',
27 silly registry.get     age: '0',
27 silly registry.get     'x-served-by': 'cache-ord1728-ORD',
27 silly registry.get     'x-cache': 'MISS',
27 silly registry.get     'x-cache-hits': '0',
27 silly registry.get     'x-timer': 'S1418669718.413525,VS0,VE66',
27 silly registry.get     'keep-alive': 'timeout=10, max=50',
27 silly registry.get     connection: 'Keep-Alive' } ]
28 silly lockFile 617615b9-less-plugin-clean-option less-plugin-clean-option@
29 silly lockFile 617615b9-less-plugin-clean-option less-plugin-clean-option@
30 error 404 404 Not Found: less-plugin-clean-option
30 error 404
30 error 404 'less-plugin-clean-option' is not in the npm registry.
30 error 404 You should bug the author to publish it
30 error 404
30 error 404 Note that you can also install from a
30 error 404 tarball, folder, or http url, or git url.
31 error System Darwin 14.0.0
32 error command "node" "/usr/local/bin/npm" "install" "less-plugin-clean-option"
33 error cwd /Users/hbillings/KnightLab/Repos/TimelineJS3
34 error node -v v0.10.33
35 error npm -v 1.4.28
36 error code E404
37 verbose exit [ 1, true ]
